<?xml version="1.0" encoding="UTF-8"?>
<!-- Generated by org.testng.reporters.JUnitReportReporter -->
<testsuite hostname="IQTLAPTOP-185" name="com.cisco.testscripts.ui.administration.OrchestrationTest" tests="1" failures="0" timestamp="23 Sep 2019 11:44:19 GMT" time="115.643" errors="0">
  <testcase name="createHTTPconnector" time="115.643" classname="com.cisco.testscripts.ui.administration.OrchestrationTest"/>
</testsuite> <!-- com.cisco.testscripts.ui.administration.OrchestrationTest -->
