<?xml version="1.0" encoding="UTF-8"?>
<!-- Generated by org.testng.reporters.JUnitReportReporter -->
<testsuite hostname="IQTLAPTOP-185" name="com.cisco.testscripts.ui.administration.OrchestrationDatasetTest" tests="1" failures="0" timestamp="20 Sep 2019 09:08:09 GMT" time="44.408" errors="0">
  <testcase name="createHTTPconnector" time="44.408" classname="com.cisco.testscripts.ui.administration.OrchestrationDatasetTest"/>
</testsuite> <!-- com.cisco.testscripts.ui.administration.OrchestrationDatasetTest -->
