<?xml version="1.0" encoding="UTF-8"?>
<!-- Generated by org.testng.reporters.JUnitReportReporter -->
<testsuite hostname="IQTLAPTOP-099" name="com.cisco.testscripts.ui.administration.DataSetsTest" tests="5" failures="0" timestamp="3 Oct 2019 07:41:15 GMT" time="415.285" errors="0">
  <testcase name="testCreateTemplate" time="17.303" classname="com.cisco.testscripts.ui.administration.DataSetsTest"/>
  <testcase name="CreateTemplateNoAuthTest" time="100.659" classname="com.cisco.testscripts.ui.administration.DataSetsTest"/>
  <testcase name="TestCreateTemplateBasicAuth" time="106.502" classname="com.cisco.testscripts.ui.administration.DataSetsTest"/>
  <testcase name="CreateTemplateCustomcAuthTest" time="140.881" classname="com.cisco.testscripts.ui.administration.DataSetsTest"/>
  <testcase name="TestCreateTemplateFile" time="49.940" classname="com.cisco.testscripts.ui.administration.DataSetsTest"/>
</testsuite> <!-- com.cisco.testscripts.ui.administration.DataSetsTest -->
